<?xml version="1.0" encoding="UTF-8"?>
<!-- Generated by org.testng.reporters.JUnitReportReporter -->
<testsuite hostname="PAVANKUMAR" failures="0" tests="1" name="skripts.Test1" time="0.002" errors="0" timestamp="2022-09-12T19:59:23 IST" skipped="0">
  <testcase classname="skripts.Test1" name="tc1" time="0.002"/>
  <system-out>
    <![CDATA[Hello selenium]]>
  </system-out>
</testsuite> <!-- skripts.Test1 -->
