<?xml version="1.0" encoding="UTF-8"?>
<!-- Generated by org.testng.reporters.JUnitReportReporter -->
<testsuite hostname="PAVANKUMAR" failures="0" tests="1" name="skripts.Test2" time="0.012" errors="0" timestamp="2022-09-12T19:59:23 IST" skipped="0">
  <testcase classname="skripts.Test2" name="tc2" time="0.012"/>
  <system-out>
    <![CDATA[Hello python]]>
  </system-out>
</testsuite> <!-- skripts.Test2 -->
