<?xml version="1.0" encoding="UTF-8"?>
<!-- Generated by org.testng.reporters.JUnitReportReporter -->
<testsuite hostname="PAVANKUMAR" failures="0" tests="1" name="skripts.Test3" time="0.001" errors="0" timestamp="2022-09-12T19:59:23 IST" skipped="0">
  <testcase classname="skripts.Test3" name="tc1" time="0.001"/>
  <system-out>
    <![CDATA[Hello seleniumpython]]>
  </system-out>
</testsuite> <!-- skripts.Test3 -->
